c:\users\sstou\바탕 화면\learning\wsu\lectures\wsu-bit-short-cpp\0722_계좌관리프로그램\0722_계좌관리프로그램\x64\debug\vc143.pdb
c:\users\sstou\바탕 화면\learning\wsu\lectures\wsu-bit-short-cpp\0722_계좌관리프로그램\0722_계좌관리프로그램\x64\debug\vc143.idb
c:\users\sstou\바탕 화면\learning\wsu\lectures\wsu-bit-short-cpp\0722_계좌관리프로그램\0722_계좌관리프로그램\x64\debug\start.obj
c:\users\sstou\바탕 화면\learning\wsu\lectures\wsu-bit-short-cpp\0722_계좌관리프로그램\0722_계좌관리프로그램\x64\debug\myprint.obj
c:\users\sstou\바탕 화면\learning\wsu\lectures\wsu-bit-short-cpp\0722_계좌관리프로그램\0722_계좌관리프로그램\x64\debug\myinsert.obj
c:\users\sstou\바탕 화면\learning\wsu\lectures\wsu-bit-short-cpp\0722_계좌관리프로그램\0722_계좌관리프로그램\x64\debug\myfile.obj
c:\users\sstou\바탕 화면\learning\wsu\lectures\wsu-bit-short-cpp\0722_계좌관리프로그램\0722_계좌관리프로그램\x64\debug\myarr.obj
c:\users\sstou\바탕 화면\learning\wsu\lectures\wsu-bit-short-cpp\0722_계좌관리프로그램\0722_계좌관리프로그램\x64\debug\faithaccount.obj
c:\users\sstou\바탕 화면\learning\wsu\lectures\wsu-bit-short-cpp\0722_계좌관리프로그램\0722_계좌관리프로그램\x64\debug\contriaccount.obj
c:\users\sstou\바탕 화면\learning\wsu\lectures\wsu-bit-short-cpp\0722_계좌관리프로그램\0722_계좌관리프로그램\x64\debug\bankcontrol.obj
c:\users\sstou\바탕 화면\learning\wsu\lectures\wsu-bit-short-cpp\0722_계좌관리프로그램\0722_계좌관리프로그램\x64\debug\app.obj
c:\users\sstou\바탕 화면\learning\wsu\lectures\wsu-bit-short-cpp\0722_계좌관리프로그램\0722_계좌관리프로그램\x64\debug\account.obj
c:\users\sstou\바탕 화면\learning\wsu\lectures\wsu-bit-short-cpp\0722_계좌관리프로그램\x64\debug\0722_계좌관리프로그램.exe
c:\users\sstou\바탕 화면\learning\wsu\lectures\wsu-bit-short-cpp\0722_계좌관리프로그램\x64\debug\0722_계좌관리프로그램.pdb
c:\users\sstou\바탕 화면\learning\wsu\lectures\wsu-bit-short-cpp\0722_계좌관리프로그램\0722_계좌관리프로그램\x64\debug\0722_계좌관리프로그램.ilk
c:\users\sstou\바탕 화면\learning\wsu\lectures\wsu-bit-short-cpp\0722_계좌관리프로그램\0722_계좌관리프로그램\x64\debug\0722_계좌관리프로그램.tlog\cl.command.1.tlog
c:\users\sstou\바탕 화면\learning\wsu\lectures\wsu-bit-short-cpp\0722_계좌관리프로그램\0722_계좌관리프로그램\x64\debug\0722_계좌관리프로그램.tlog\cl.items.tlog
c:\users\sstou\바탕 화면\learning\wsu\lectures\wsu-bit-short-cpp\0722_계좌관리프로그램\0722_계좌관리프로그램\x64\debug\0722_계좌관리프로그램.tlog\cl.read.1.tlog
c:\users\sstou\바탕 화면\learning\wsu\lectures\wsu-bit-short-cpp\0722_계좌관리프로그램\0722_계좌관리프로그램\x64\debug\0722_계좌관리프로그램.tlog\cl.write.1.tlog
c:\users\sstou\바탕 화면\learning\wsu\lectures\wsu-bit-short-cpp\0722_계좌관리프로그램\0722_계좌관리프로그램\x64\debug\0722_계좌관리프로그램.tlog\link.command.1.tlog
c:\users\sstou\바탕 화면\learning\wsu\lectures\wsu-bit-short-cpp\0722_계좌관리프로그램\0722_계좌관리프로그램\x64\debug\0722_계좌관리프로그램.tlog\link.read.1.tlog
c:\users\sstou\바탕 화면\learning\wsu\lectures\wsu-bit-short-cpp\0722_계좌관리프로그램\0722_계좌관리프로그램\x64\debug\0722_계좌관리프로그램.tlog\link.secondary.1.tlog
c:\users\sstou\바탕 화면\learning\wsu\lectures\wsu-bit-short-cpp\0722_계좌관리프로그램\0722_계좌관리프로그램\x64\debug\0722_계좌관리프로그램.tlog\link.write.1.tlog
