c:\users\sstou\바탕 화면\learning\wsu\lectures\wsu-bit-short-cpp\0717_회원관리프로그램\0717_회원관리프로그램\x64\debug\vc143.pdb
c:\users\sstou\바탕 화면\learning\wsu\lectures\wsu-bit-short-cpp\0717_회원관리프로그램\0717_회원관리프로그램\x64\debug\vc143.idb
c:\users\sstou\바탕 화면\learning\wsu\lectures\wsu-bit-short-cpp\0717_회원관리프로그램\0717_회원관리프로그램\x64\debug\start.obj
c:\users\sstou\바탕 화면\learning\wsu\lectures\wsu-bit-short-cpp\0717_회원관리프로그램\0717_회원관리프로그램\x64\debug\myprint.obj
c:\users\sstou\바탕 화면\learning\wsu\lectures\wsu-bit-short-cpp\0717_회원관리프로그램\0717_회원관리프로그램\x64\debug\myinput.obj
c:\users\sstou\바탕 화면\learning\wsu\lectures\wsu-bit-short-cpp\0717_회원관리프로그램\0717_회원관리프로그램\x64\debug\myfile.obj
c:\users\sstou\바탕 화면\learning\wsu\lectures\wsu-bit-short-cpp\0717_회원관리프로그램\0717_회원관리프로그램\x64\debug\mycon.obj
c:\users\sstou\바탕 화면\learning\wsu\lectures\wsu-bit-short-cpp\0717_회원관리프로그램\0717_회원관리프로그램\x64\debug\myarr.obj
c:\users\sstou\바탕 화면\learning\wsu\lectures\wsu-bit-short-cpp\0717_회원관리프로그램\0717_회원관리프로그램\x64\debug\member.obj
c:\users\sstou\바탕 화면\learning\wsu\lectures\wsu-bit-short-cpp\0717_회원관리프로그램\0717_회원관리프로그램\x64\debug\app.obj
c:\users\sstou\바탕 화면\learning\wsu\lectures\wsu-bit-short-cpp\0717_회원관리프로그램\x64\debug\0717_회원관리프로그램.exe
c:\users\sstou\바탕 화면\learning\wsu\lectures\wsu-bit-short-cpp\0717_회원관리프로그램\x64\debug\0717_회원관리프로그램.pdb
c:\users\sstou\바탕 화면\learning\wsu\lectures\wsu-bit-short-cpp\0717_회원관리프로그램\0717_회원관리프로그램\x64\debug\0717_회원관리프로그램.ilk
c:\users\sstou\바탕 화면\learning\wsu\lectures\wsu-bit-short-cpp\0717_회원관리프로그램\0717_회원관리프로그램\x64\debug\0717_회원관리프로그램.tlog\cl.command.1.tlog
c:\users\sstou\바탕 화면\learning\wsu\lectures\wsu-bit-short-cpp\0717_회원관리프로그램\0717_회원관리프로그램\x64\debug\0717_회원관리프로그램.tlog\cl.items.tlog
c:\users\sstou\바탕 화면\learning\wsu\lectures\wsu-bit-short-cpp\0717_회원관리프로그램\0717_회원관리프로그램\x64\debug\0717_회원관리프로그램.tlog\cl.read.1.tlog
c:\users\sstou\바탕 화면\learning\wsu\lectures\wsu-bit-short-cpp\0717_회원관리프로그램\0717_회원관리프로그램\x64\debug\0717_회원관리프로그램.tlog\cl.write.1.tlog
c:\users\sstou\바탕 화면\learning\wsu\lectures\wsu-bit-short-cpp\0717_회원관리프로그램\0717_회원관리프로그램\x64\debug\0717_회원관리프로그램.tlog\link.command.1.tlog
c:\users\sstou\바탕 화면\learning\wsu\lectures\wsu-bit-short-cpp\0717_회원관리프로그램\0717_회원관리프로그램\x64\debug\0717_회원관리프로그램.tlog\link.read.1.tlog
c:\users\sstou\바탕 화면\learning\wsu\lectures\wsu-bit-short-cpp\0717_회원관리프로그램\0717_회원관리프로그램\x64\debug\0717_회원관리프로그램.tlog\link.secondary.1.tlog
c:\users\sstou\바탕 화면\learning\wsu\lectures\wsu-bit-short-cpp\0717_회원관리프로그램\0717_회원관리프로그램\x64\debug\0717_회원관리프로그램.tlog\link.write.1.tlog
